<?xml version="1.0" encoding="UTF-8"?>
<spring:beans xmlns="http://www.consol.de/citrus/schema/testcase" xmlns:spring="http://www.springframework.org/schema/beans" xmlns:xsi="http://www.w3.org/2001/XMLSchema-instance" xsi:schemaLocation="http://www.springframework.org/schema/beans http://www.springframework.org/schema/beans/spring-beans-2.0.xsd http://www.consol.de/citrus/schema/testcase http://www.consol.de/citrus/schema/testcase/citrus-testcase-1.0.xsd">
    <testcase name="@test.name@">
        <meta-info>
            <author>@test.author@</author>
            <creationdate>@test.creation.date@</creationdate>
            <status>DRAFT</status>
            <lastUpdatedBy>@test.author@</lastUpdatedBy>
            <lastUpdatedOn>@test.updatedon.datetime@</lastUpdatedOn>
        </meta-info>
        
        <description>@test.description@</description>
        
        <actions>
            <echo>
                <message>TODO: Code the test @test.name@</message>
            </echo>
        </actions>
    </testcase>
</spring:beans>
